#
# A fatal error has been detected by the Java Runtime Environment:
#
#  SIGSEGV (0xb) at pc=0x0000000104e7b1f8, pid=64196, tid=4446724096
#
# JRE version: 7.0_05-b06
# Java VM: Java HotSpot(TM) 64-Bit Server VM (23.1-b03 mixed mode bsd-amd64 compressed oops)
# Problematic frame:
# V  [libjvm.dylib+0x17b1f8]
#
# Failed to write core dump. Core dumps have been disabled. To enable core dumping, try "ulimit -c unlimited" before starting Java again
#
# If you would like to submit a bug report, please visit:
#   http://bugreport.sun.com/bugreport/crash.jsp
#

---------------  T H R E A D  ---------------

Current thread (0x00007fb5a280e800):  GCTaskThread [stack: 0x0000000108fba000,0x00000001090ba000] [id=151756800]

siginfo:si_signo=SIGSEGV: si_errno=0, si_code=1 (SEGV_MAPERR), si_addr=0x000000076f6f6f80

Registers:
RAX=0x000000076f6f6f78, RBX=0x000000076f6f6f78, RCX=0x00000007b4220003, RDX=0x000000076f6f6f68
RSP=0x00000001090b9cd0, RBP=0x00000001090b9cd0, RSI=0x000000076f6f6f78, RDI=0x000000076f6f6f78
R8 =0x0000000104c280e0, R9 =0xfffffffef7669412, R10=0x0000000003da2bed, R11=0x0000000108996bed
R12=0x0000000000000000, R13=0x00000001051fe476, R14=0x00000007b4208400, R15=0x0000000108bf5041
RIP=0x0000000104e7b1f8, EFLAGS=0x0000000000010202, ERR=0x0000000000000004
  TRAPNO=0x000000000000000e

Top of Stack: (sp=0x00000001090b9cd0)
0x00000001090b9cd0:   00000001090b9d00 0000000104e7b907
0x00000001090b9ce0:   00000001090b9d00 00000007b4210000
0x00000001090b9cf0:   00000007b4208400 0000000108bf5041
0x00000001090b9d00:   00000001090b9d30 0000000104e35a2b
0x00000001090b9d10:   00007fb5a200be00 0000000000000000
0x00000001090b9d20:   0000000108995100 0000000108995080
0x00000001090b9d30:   00000001090b9df0 0000000104e3556e
0x00000001090b9d40:   00000001090b9ddc 0000000000000200
0x00000001090b9d50:   fffffffef7669412 0000000000000080
0x00000001090b9d60:   0000000108996bec 0000000104bf4080
0x00000001090b9d70:   0000000108996bed 0000000003da1000
0x00000001090b9d80:   fffffffef766aeff 0000000003da2bed
0x00000001090b9d90:   0000000000000000 00000007b4210000
0x00000001090b9da0:   00000007b457d8a8 00000007b4220000
0x00000001090b9db0:   00007fb5a2005580 0000000104c280e0
0x00000001090b9dc0:   00007fb5a2005300 00007fb5a0603cb0
0x00000001090b9dd0:   0000000000000000 00000001051fe476
0x00000001090b9de0:   0000000104c280e0 0000000000000001
0x00000001090b9df0:   00000001090b9e20 00000001050ec37b
0x00000001090b9e00:   0000000000000004 00007fb5a2008a10
0x00000001090b9e10:   00007fb5a280e800 00007fb5a0603cb0
0x00000001090b9e20:   00000001090b9ee0 0000000104f2289a
0x00000001090b9e30:   00007fb5a200b0c0 00007fb5a200b0e0
0x00000001090b9e40:   00007fb5a200b0f0 00007fb5a200b4c8
0x00000001090b9e50:   00007fb5a280e800 00007fb5a200b4d0
0x00000001090b9e60:   00007fb5a200b500 00007fb5a200b510
0x00000001090b9e70:   00007fb5a200b8e8 00000001090b9e88
0x00000001090b9e80:   0000000000000000 00007fb5a280e800
0x00000001090b9e90:   00007fb5a200b4d0 00007fb5a200b500
0x00000001090b9ea0:   00007fb5a200b510 00007fb5a200b8e8
0x00000001090b9eb0:   00007fb5a200b8f0 00007fb5a280e800
0x00000001090b9ec0:   0000000000003303 00000001090ba000 

Instructions: (pc=0x0000000104e7b1f8)
0x0000000104e7b1d8:   00 5d c3 90 55 48 89 e5 48 8b 47 18 48 89 47 20
0x0000000104e7b1e8:   5d c3 55 48 89 e5 48 8d 47 10 5d c3 55 48 89 e5
0x0000000104e7b1f8:   8b 47 08 5d c3 0f 1f 00 55 48 89 e5 89 f8 83 e0
0x0000000104e7b208:   01 5d c3 0f 1f 44 00 00 55 48 89 e5 c1 ef 10 40 

Register to memory mapping:

RAX=0x000000076f6f6f78 is an unknown value
RBX=0x000000076f6f6f78 is an unknown value
RCX=0x00000007b4220003 is an oop
[B 
 - klass: {type array byte}
 - length: 2149
RDX=0x000000076f6f6f68 is an unknown value
RSP=0x00000001090b9cd0 is an unknown value
RBP=0x00000001090b9cd0 is an unknown value
RSI=0x000000076f6f6f78 is an unknown value
RDI=0x000000076f6f6f78 is an unknown value
R8 =0x0000000104c280e0 is an unknown value
R9 =0xfffffffef7669412 is an unknown value
R10=0x0000000003da2bed is an unknown value
R11=0x0000000108996bed is an unknown value
R12=0x0000000000000000 is an unknown value
R13=0x00000001051fe476: PERFDATA_NAME+0x212f in /Library/Java/JavaVirtualMachines/1.7.0.jdk/Contents/Home/jre/lib/server/libjvm.dylib at 0x0000000104d00000
R14=
[error occurred during error reporting (printing register info), id 0xb]

Stack: [0x0000000108fba000,0x00000001090ba000],  sp=0x00000001090b9cd0,  free space=1023k
Native frames: (J=compiled Java code, j=interpreted, Vv=VM code, C=native code)
V  [libjvm.dylib+0x17b1f8]
V  [libjvm.dylib+0x17b907]
V  [libjvm.dylib+0x135a2b]
V  [libjvm.dylib+0x13556e]
V  [libjvm.dylib+0x3ec37b]
V  [libjvm.dylib+0x22289a]
V  [libjvm.dylib+0x3b3b39]
C  [libsystem_c.dylib+0x4e8bf]  _pthread_start+0x14f
C  [libsystem_c.dylib+0x51b75]  thread_start+0xd


---------------  P R O C E S S  ---------------

Java Threads: ( => current thread )
  0x00007fb5a08cb800 JavaThread "ReaderThread" [_thread_in_native, id=239161344, stack(0x000000010e315000,0x000000010e415000)]
  0x00007fb5a2814000 JavaThread "Service Thread" daemon [_thread_blocked, id=234483712, stack(0x000000010de9f000,0x000000010df9f000)]
  0x00007fb5a2813800 JavaThread "C2 CompilerThread1" daemon [_thread_blocked, id=233422848, stack(0x000000010dd9c000,0x000000010de9c000)]
  0x00007fb5a2801800 JavaThread "C2 CompilerThread0" daemon [_thread_in_native, id=232361984, stack(0x000000010dc99000,0x000000010dd99000)]
  0x00007fb5a1025800 JavaThread "Signal Dispatcher" daemon [_thread_blocked, id=231301120, stack(0x000000010db96000,0x000000010dc96000)]
  0x00007fb5a1003000 JavaThread "Finalizer" daemon [_thread_blocked, id=228114432, stack(0x000000010d88c000,0x000000010d98c000)]
  0x00007fb5a1002000 JavaThread "Reference Handler" daemon [_thread_blocked, id=227053568, stack(0x000000010d789000,0x000000010d889000)]
  0x00007fb5a2800800 JavaThread "main" [_thread_blocked, id=92934144, stack(0x00000001057a1000,0x00000001058a1000)]

Other Threads:
  0x00007fb5a0844800 VMThread [stack: 0x000000010d686000,0x000000010d786000] [id=225992704]
  0x00007fb5a2812000 WatcherThread [stack: 0x000000010dfa2000,0x000000010e0a2000] [id=235544576]

=>0x00007fb5a280e800 (exited) GCTaskThread [stack: 0x0000000108fba000,0x00000001090ba000] [id=151756800]

VM state:at safepoint (normal execution)

VM Mutex/Monitor currently owned by a thread:  ([mutex/lock_event])
[0x00007fb5a0602860] Threads_lock - owner thread: 0x00007fb5a0844800
[0x00007fb5a0602d60] Heap_lock - owner thread: 0x00007fb5a2800800

Heap
 PSYoungGen      total 315840K, used 311456K [0x00000007e6b60000, 0x00000007fa500000, 0x0000000800000000)
  eden space 311104K, 100% used [0x00000007e6b60000,0x00000007f9b30000,0x00000007f9b30000)
  from space 4736K, 7% used [0x00000007fa000000,0x00000007fa058000,0x00000007fa4a0000)
  to   space 4928K, 0% used [0x00000007f9b30000,0x00000007f9b30000,0x00000007fa000000)
 ParOldGen       total 51776K, used 3574K [0x00000007b4200000, 0x00000007b7490000, 0x00000007e6b60000)
  object space 51776K, 6% used [0x00000007b4200000,0x00000007b457d8a8,0x00000007b7490000)
 PSPermGen       total 25664K, used 25553K [0x00000007af000000, 0x00000007b0910000, 0x00000007b4200000)
  object space 25664K, 99% used [0x00000007af000000,0x00000007b08f47e0,0x00000007b0910000)

Code Cache  [0x00000001058ac000, 0x0000000105b1c000, 0x00000001088ac000)
 total_blobs=899 nmethods=509 adapters=342 free_code_cache=47106Kb largest_free_block=48127296

Compilation events (10 events):
Event: 6.846 Thread 0x00007fb5a2801800 nmethod 511 0x0000000105a1f8d0 code [0x0000000105a1fa20, 0x0000000105a1fbb8]
Event: 6.849 Thread 0x00007fb5a2801800  513   !         org.hibernate.ejb.event.CallbackResolver::resolveCallback (911 bytes)
Event: 6.854 Thread 0x00007fb5a2813800 nmethod 512 0x0000000105a1eb90 code [0x0000000105a1ed60, 0x0000000105a1f3c0]
Event: 6.854 Thread 0x00007fb5a2813800  514             org.hibernate.annotations.common.reflection.java.JavaXClass::getDeclaredMethods (62 bytes)
Event: 6.887 Thread 0x00007fb5a2813800 nmethod 514 0x00000001059dcb90 code [0x00000001059dcde0, 0x00000001059ddab0]
Event: 6.887 Thread 0x00007fb5a2813800  515             org.hibernate.annotations.common.reflection.java.generics.TypeEnvironmentFactory::getEnvironment (14 bytes)
Event: 6.893 Thread 0x00007fb5a2813800 nmethod 515 0x00000001059e3b50 code [0x00000001059e3d20, 0x00000001059e41f0]
Event: 6.893 Thread 0x00007fb5a2813800  516             java.security.ProtectionDomain::getCodeSource (5 bytes)
Event: 6.894 Thread 0x00007fb5a2813800 nmethod 516 0x0000000105a1db10 code [0x0000000105a1dc40, 0x0000000105a1dcb8]
Event: 6.922 Thread 0x00007fb5a2813800  517             java.util.concurrent.ConcurrentHashMap::putIfAbsent (81 bytes)

GC Heap History (10 events):
Event: 2.697 GC heap after
Heap after GC invocations=4 (full 0):
 PSYoungGen      total 81024K, used 2304K [0x00000007e6b60000, 0x00000007ebda0000, 0x0000000800000000)
  eden space 77824K, 0% used [0x00000007e6b60000,0x00000007e6b60000,0x00000007eb760000)
  from space 3200K, 72% used [0x00000007eba80000,0x00000007ebcc0020,0x00000007ebda0000)
  to   space 3200K, 0% used [0x00000007eb760000,0x00000007eb760000,0x00000007eba80000)
 ParOldGen       total 51776K, used 1351K [0x00000007b4200000, 0x00000007b7490000, 0x00000007e6b60000)
  object space 51776K, 2% used [0x00000007b4200000,0x00000007b4351e80,0x00000007b7490000)
 PSPermGen       total 21248K, used 12259K [0x00000007af000000, 0x00000007b04c0000, 0x00000007b4200000)
  object space 21248K, 57% used [0x00000007af000000,0x00000007afbf8f78,0x00000007b04c0000)
}
Event: 3.232 GC heap before
{Heap before GC invocations=5 (full 0):
 PSYoungGen      total 81024K, used 80128K [0x00000007e6b60000, 0x00000007ebda0000, 0x0000000800000000)
  eden space 77824K, 100% used [0x00000007e6b60000,0x00000007eb760000,0x00000007eb760000)
  from space 3200K, 72% used [0x00000007eba80000,0x00000007ebcc0020,0x00000007ebda0000)
  to   space 3200K, 0% used [0x00000007eb760000,0x00000007eb760000,0x00000007eba80000)
 ParOldGen       total 51776K, used 1351K [0x00000007b4200000, 0x00000007b7490000, 0x00000007e6b60000)
  object space 51776K, 2% used [0x00000007b4200000,0x00000007b4351e80,0x00000007b7490000)
 PSPermGen       total 21248K, used 12281K [0x00000007af000000, 0x00000007b04c0000, 0x00000007b4200000)
  object space 21248K, 57% used [0x00000007af000000,0x00000007afbfe498,0x00000007b04c0000)
Event: 3.238 GC heap after
Heap after GC invocations=5 (full 0):
 PSYoungGen      total 81024K, used 2320K [0x00000007e6b60000, 0x00000007f0c60000, 0x0000000800000000)
  eden space 77824K, 0% used [0x00000007e6b60000,0x00000007e6b60000,0x00000007eb760000)
  from space 3200K, 72% used [0x00000007eb760000,0x00000007eb9a4030,0x00000007eba80000)
  to   space 4608K, 0% used [0x00000007f07e0000,0x00000007f07e0000,0x00000007f0c60000)
 ParOldGen       total 51776K, used 1359K [0x00000007b4200000, 0x00000007b7490000, 0x00000007e6b60000)
  object space 51776K, 2% used [0x00000007b4200000,0x00000007b4353e80,0x00000007b7490000)
 PSPermGen       total 21248K, used 12281K [0x00000007af000000, 0x00000007b04c0000, 0x00000007b4200000)
  object space 21248K, 57% used [0x00000007af000000,0x00000007afbfe498,0x00000007b04c0000)
}
Event: 3.553 GC heap before
{Heap before GC invocations=6 (full 0):
 PSYoungGen      total 81024K, used 80144K [0x00000007e6b60000, 0x00000007f0c60000, 0x0000000800000000)
  eden space 77824K, 100% used [0x00000007e6b60000,0x00000007eb760000,0x00000007eb760000)
  from space 3200K, 72% used [0x00000007eb760000,0x00000007eb9a4030,0x00000007eba80000)
  to   space 4608K, 0% used [0x00000007f07e0000,0x00000007f07e0000,0x00000007f0c60000)
 ParOldGen       total 51776K, used 1359K [0x00000007b4200000, 0x00000007b7490000, 0x00000007e6b60000)
  object space 51776K, 2% used [0x00000007b4200000,0x00000007b4353e80,0x00000007b7490000)
 PSPermGen       total 21248K, used 12284K [0x00000007af000000, 0x00000007b04c0000, 0x00000007b4200000)
  object space 21248K, 57% used [0x00000007af000000,0x00000007afbff028,0x00000007b04c0000)
Event: 3.560 GC heap after
Heap after GC invocations=6 (full 0):
 PSYoungGen      total 160128K, used 2304K [0x00000007e6b60000, 0x00000007f0c40000, 0x0000000800000000)
  eden space 155648K, 0% used [0x00000007e6b60000,0x00000007e6b60000,0x00000007f0360000)
  from space 4480K, 51% used [0x00000007f07e0000,0x00000007f0a20020,0x00000007f0c40000)
  to   space 4544K, 0% used [0x00000007f0360000,0x00000007f0360000,0x00000007f07d0000)
 ParOldGen       total 51776K, used 1367K [0x00000007b4200000, 0x00000007b7490000, 0x00000007e6b60000)
  object space 51776K, 2% used [0x00000007b4200000,0x00000007b4355e80,0x00000007b7490000)
 PSPermGen       total 21248K, used 12284K [0x00000007af000000, 0x00000007b04c0000, 0x00000007b4200000)
  object space 21248K, 57% used [0x00000007af000000,0x00000007afbff028,0x00000007b04c0000)
}
Event: 4.192 GC heap before
{Heap before GC invocations=7 (full 0):
 PSYoungGen      total 160128K, used 157952K [0x00000007e6b60000, 0x00000007f0c40000, 0x0000000800000000)
  eden space 155648K, 100% used [0x00000007e6b60000,0x00000007f0360000,0x00000007f0360000)
  from space 4480K, 51% used [0x00000007f07e0000,0x00000007f0a20020,0x00000007f0c40000)
  to   space 4544K, 0% used [0x00000007f0360000,0x00000007f0360000,0x00000007f07d0000)
 ParOldGen       total 51776K, used 1367K [0x00000007b4200000, 0x00000007b7490000, 0x00000007e6b60000)
  object space 51776K, 2% used [0x00000007b4200000,0x00000007b4355e80,0x00000007b7490000)
 PSPermGen       total 21248K, used 13385K [0x00000007af000000, 0x00000007b04c0000, 0x00000007b4200000)
  object space 21248K, 62% used [0x00000007af000000,0x00000007afd12490,0x00000007b04c0000)
Event: 4.199 GC heap after
Heap after GC invocations=7 (full 0):
 PSYoungGen      total 160192K, used 1056K [0x00000007e6b60000, 0x00000007fa4a0000, 0x0000000800000000)
  eden space 155648K, 0% used [0x00000007e6b60000,0x00000007e6b60000,0x00000007f0360000)
  from space 4544K, 23% used [0x00000007f0360000,0x00000007f0468000,0x00000007f07d0000)
  to   space 4736K, 0% used [0x00000007fa000000,0x00000007fa000000,0x00000007fa4a0000)
 ParOldGen       total 51776K, used 2818K [0x00000007b4200000, 0x00000007b7490000, 0x00000007e6b60000)
  object space 51776K, 5% used [0x00000007b4200000,0x00000007b44c0a28,0x00000007b7490000)
 PSPermGen       total 21248K, used 13385K [0x00000007af000000, 0x00000007b04c0000, 0x00000007b4200000)
  object space 21248K, 62% used [0x00000007af000000,0x00000007afd12490,0x00000007b04c0000)
}
Event: 4.577 GC heap before
{Heap before GC invocations=8 (full 0):
 PSYoungGen      total 160192K, used 156704K [0x00000007e6b60000, 0x00000007fa4a0000, 0x0000000800000000)
  eden space 155648K, 100% used [0x00000007e6b60000,0x00000007f0360000,0x00000007f0360000)
  from space 4544K, 23% used [0x00000007f0360000,0x00000007f0468000,0x00000007f07d0000)
  to   space 4736K, 0% used [0x00000007fa000000,0x00000007fa000000,0x00000007fa4a0000)
 ParOldGen       total 51776K, used 2818K [0x00000007b4200000, 0x00000007b7490000, 0x00000007e6b60000)
  object space 51776K, 5% used [0x00000007b4200000,0x00000007b44c0a28,0x00000007b7490000)
 PSPermGen       total 21248K, used 13421K [0x00000007af000000, 0x00000007b04c0000, 0x00000007b4200000)
  object space 21248K, 63% used [0x00000007af000000,0x00000007afd1b568,0x00000007b04c0000)
Event: 4.579 GC heap after
Heap after GC invocations=8 (full 0):
 PSYoungGen      total 315840K, used 352K [0x00000007e6b60000, 0x00000007fa500000, 0x0000000800000000)
  eden space 311104K, 0% used [0x00000007e6b60000,0x00000007e6b60000,0x00000007f9b30000)
  from space 4736K, 7% used [0x00000007fa000000,0x00000007fa058000,0x00000007fa4a0000)
  to   space 4928K, 0% used [0x00000007f9b30000,0x00000007f9b30000,0x00000007fa000000)
 ParOldGen       total 51776K, used 3574K [0x00000007b4200000, 0x00000007b7490000, 0x00000007e6b60000)
  object space 51776K, 6% used [0x00000007b4200000,0x00000007b457d8a8,0x00000007b7490000)
 PSPermGen       total 21248K, used 13421K [0x00000007af000000, 0x00000007b04c0000, 0x00000007b4200000)
  object space 21248K, 63% used [0x00000007af000000,0x00000007afd1b568,0x00000007b04c0000)
}
Event: 6.922 GC heap before
{Heap before GC invocations=9 (full 0):
 PSYoungGen      total 315840K, used 311456K [0x00000007e6b60000, 0x00000007fa500000, 0x0000000800000000)
  eden space 311104K, 100% used [0x00000007e6b60000,0x00000007f9b30000,0x00000007f9b30000)
  from space 4736K, 7% used [0x00000007fa000000,0x00000007fa058000,0x00000007fa4a0000)
  to   space 4928K, 0% used [0x00000007f9b30000,0x00000007f9b30000,0x00000007fa000000)
 ParOldGen       total 51776K, used 3574K [0x00000007b4200000, 0x00000007b7490000, 0x00000007e6b60000)
  object space 51776K, 6% used [0x00000007b4200000,0x00000007b457d8a8,0x00000007b7490000)
 PSPermGen       total 25664K, used 25553K [0x00000007af000000, 0x00000007b0910000, 0x00000007b4200000)
  object space 25664K, 99% used [0x00000007af000000,0x00000007b08f47e0,0x00000007b0910000)

Deoptimization events (10 events):
Event: 5.976 Thread 0x00007fb5a2800800 Uncommon trap -122 fr.pc 0x000000010597dd40
Event: 5.999 Thread 0x00007fb5a2800800 Uncommon trap -83 fr.pc 0x0000000105a97dd8
Event: 6.074 Thread 0x00007fb5a2800800 Uncommon trap -12 fr.pc 0x0000000105aa97f0
Event: 6.189 Thread 0x00007fb5a2800800 Uncommon trap -58 fr.pc 0x00000001059a1bac
Event: 6.441 Thread 0x00007fb5a2800800 Uncommon trap -83 fr.pc 0x0000000105a7eb30
Event: 6.515 Thread 0x00007fb5a2800800 Uncommon trap -122 fr.pc 0x0000000105ac2e2c
Event: 6.576 Thread 0x00007fb5a2800800 Uncommon trap -83 fr.pc 0x0000000105abc484
Event: 6.667 Thread 0x00007fb5a2800800 Uncommon trap -58 fr.pc 0x00000001059a1bac
Event: 6.667 Thread 0x00007fb5a2800800 Uncommon trap -58 fr.pc 0x00000001059a1bac
Event: 6.777 Thread 0x00007fb5a2800800 Uncommon trap -58 fr.pc 0x00000001059a1bac

Internal exceptions (10 events):
Event: 6.917 Thread 0x00007fb5a2800800 Threw 0x00000007f9ae3418 at /HUDSON/workspace/jdk7u5-2-build-macosx-amd64-product/jdk7u5/hotspot/src/share/vm/prims/jvm.cpp:1166
Event: 6.917 Thread 0x00007fb5a2800800 Threw 0x00000007f9ae8ea8 at /HUDSON/workspace/jdk7u5-2-build-macosx-amd64-product/jdk7u5/hotspot/src/share/vm/prims/jvm.cpp:1166
Event: 6.917 Thread 0x00007fb5a2800800 Threw 0x00000007f9af29a0 at /HUDSON/workspace/jdk7u5-2-build-macosx-amd64-product/jdk7u5/hotspot/src/share/vm/prims/jvm.cpp:1166
Event: 6.917 Thread 0x00007fb5a2800800 Threw 0x00000007f9af4cc8 at /HUDSON/workspace/jdk7u5-2-build-macosx-amd64-product/jdk7u5/hotspot/src/share/vm/prims/jvm.cpp:1166
Event: 6.918 Thread 0x00007fb5a2800800 Threw 0x00000007f9afe3c8 at /HUDSON/workspace/jdk7u5-2-build-macosx-amd64-product/jdk7u5/hotspot/src/share/vm/prims/jvm.cpp:1166
Event: 6.918 Thread 0x00007fb5a2800800 Threw 0x00000007f9b00db0 at /HUDSON/workspace/jdk7u5-2-build-macosx-amd64-product/jdk7u5/hotspot/src/share/vm/prims/jvm.cpp:1166
Event: 6.918 Thread 0x00007fb5a2800800 Threw 0x00000007f9b073c8 at /HUDSON/workspace/jdk7u5-2-build-macosx-amd64-product/jdk7u5/hotspot/src/share/vm/prims/jvm.cpp:1166
Event: 6.920 Thread 0x00007fb5a2800800 Threw 0x00000007f9b21258 at /HUDSON/workspace/jdk7u5-2-build-macosx-amd64-product/jdk7u5/hotspot/src/share/vm/prims/jvm.cpp:1166
Event: 6.921 Thread 0x00007fb5a2800800 Threw 0x00000007f9b27d90 at /HUDSON/workspace/jdk7u5-2-build-macosx-amd64-product/jdk7u5/hotspot/src/share/vm/prims/jvm.cpp:1166
Event: 6.922 Thread 0x00007fb5a2800800 Threw 0x00000007f9b2d9f8 at /HUDSON/workspace/jdk7u5-2-build-macosx-amd64-product/jdk7u5/hotspot/src/share/vm/prims/jvm.cpp:1166

Events (10 events):
Event: 6.918 loading class 0x00007fb5a05af8b0 done
Event: 6.918 loading class 0x00007fb5a05af7e0
Event: 6.918 loading class 0x00007fb5a05af7e0 done
Event: 6.920 loading class 0x00007fb5a256d730
Event: 6.920 loading class 0x00007fb5a256d730 done
Event: 6.921 loading class 0x00007fb5a256d6d0
Event: 6.921 loading class 0x00007fb5a256d6d0 done
Event: 6.922 loading class 0x00007fb5a256d700
Event: 6.922 loading class 0x00007fb5a256d700 done
Event: 6.922 Executing VM operation: ParallelGCFailedAllocation


Dynamic libraries:
0x0000000004566000 	/System/Library/Frameworks/Cocoa.framework/Versions/A/Cocoa
0x0000000004566000 	/System/Library/Frameworks/Security.framework/Versions/A/Security
0x0000000004566000 	/System/Library/Frameworks/ApplicationServices.framework/Versions/A/ApplicationServices
0x0000000004566000 	/usr/lib/libz.1.dylib
0x0000000004566000 	/usr/lib/libSystem.B.dylib
0x0000000004566000 	/usr/lib/libobjc.A.dylib
0x0000000004566000 	/System/Library/Frameworks/CoreFoundation.framework/Versions/A/CoreFoundation
0x0000000004566000 	/System/Library/Frameworks/AppKit.framework/Versions/C/AppKit
0x0000000004566000 	/System/Library/Frameworks/CoreData.framework/Versions/A/CoreData
0x0000000004566000 	/System/Library/Frameworks/Foundation.framework/Versions/C/Foundation
0x0000000004566000 	/System/Library/PrivateFrameworks/RemoteViewServices.framework/Versions/A/RemoteViewServices
0x0000000004566000 	/System/Library/Frameworks/AudioToolbox.framework/Versions/A/AudioToolbox
0x0000000004566000 	/System/Library/Frameworks/AudioUnit.framework/Versions/A/AudioUnit
0x0000000004566000 	/System/Library/PrivateFrameworks/DataDetectorsCore.framework/Versions/A/DataDetectorsCore
0x0000000004566000 	/System/Library/PrivateFrameworks/DesktopServicesPriv.framework/Versions/A/DesktopServicesPriv
0x0000000004566000 	/System/Library/Frameworks/Carbon.framework/Versions/A/Frameworks/HIToolbox.framework/Versions/A/HIToolbox
0x0000000004566000 	/System/Library/Frameworks/QuartzCore.framework/Versions/A/QuartzCore
0x0000000004566000 	/System/Library/Frameworks/Carbon.framework/Versions/A/Frameworks/SpeechRecognition.framework/Versions/A/SpeechRecognition
0x0000000004566000 	/usr/lib/libauto.dylib
0x0000000004566000 	/usr/lib/libicucore.A.dylib
0x0000000004566000 	/usr/lib/libxml2.2.dylib
0x0000000004566000 	/System/Library/PrivateFrameworks/CoreUI.framework/Versions/A/CoreUI
0x0000000004566000 	/System/Library/Frameworks/CoreAudio.framework/Versions/A/CoreAudio
0x0000000004566000 	/System/Library/Frameworks/DiskArbitration.framework/Versions/A/DiskArbitration
0x0000000004566000 	/usr/lib/liblangid.dylib
0x0000000004566000 	/System/Library/PrivateFrameworks/MultitouchSupport.framework/Versions/A/MultitouchSupport
0x0000000004566000 	/System/Library/Frameworks/IOKit.framework/Versions/A/IOKit
0x0000000004566000 	/usr/lib/libDiagnosticMessagesClient.dylib
0x0000000004566000 	/System/Library/Frameworks/CoreServices.framework/Versions/A/CoreServices
0x0000000004566000 	/System/Library/PrivateFrameworks/PerformanceAnalysis.framework/Versions/A/PerformanceAnalysis
0x0000000004566000 	/System/Library/PrivateFrameworks/GenerationalStorage.framework/Versions/A/GenerationalStorage
0x0000000004566000 	/System/Library/Frameworks/OpenGL.framework/Versions/A/OpenGL
0x0000000004566000 	/System/Library/Frameworks/CoreServices.framework/Versions/A/Frameworks/CFNetwork.framework/Versions/A/CFNetwork
0x0000000004566000 	/System/Library/Frameworks/SystemConfiguration.framework/Versions/A/SystemConfiguration
0x0000000004566000 	/usr/lib/libCRFSuite.dylib
0x0000000004566000 	/usr/lib/libc++.1.dylib
0x0000000004566000 	/usr/lib/libstdc++.6.dylib
0x0000000004566000 	/usr/lib/libc++abi.dylib
0x0000000004566000 	/usr/lib/system/libcache.dylib
0x0000000004566000 	/usr/lib/system/libcommonCrypto.dylib
0x0000000004566000 	/usr/lib/system/libcompiler_rt.dylib
0x0000000004566000 	/usr/lib/system/libcopyfile.dylib
0x0000000004566000 	/usr/lib/system/libdispatch.dylib
0x0000000004566000 	/usr/lib/system/libdnsinfo.dylib
0x0000000004566000 	/usr/lib/system/libdyld.dylib
0x0000000004566000 	/usr/lib/system/libkeymgr.dylib
0x0000000004566000 	/usr/lib/system/liblaunch.dylib
0x0000000004566000 	/usr/lib/system/libmacho.dylib
0x0000000004566000 	/usr/lib/system/libmathCommon.A.dylib
0x0000000004566000 	/usr/lib/system/libquarantine.dylib
0x0000000004566000 	/usr/lib/system/libremovefile.dylib
0x0000000004566000 	/usr/lib/system/libsystem_blocks.dylib
0x0000000004566000 	/usr/lib/system/libsystem_c.dylib
0x0000000004566000 	/usr/lib/system/libsystem_dnssd.dylib
0x0000000004566000 	/usr/lib/system/libsystem_info.dylib
0x0000000004566000 	/usr/lib/system/libsystem_kernel.dylib
0x0000000004566000 	/usr/lib/system/libsystem_network.dylib
0x0000000004566000 	/usr/lib/system/libsystem_notify.dylib
0x0000000004566000 	/usr/lib/system/libsystem_sandbox.dylib
0x0000000004566000 	/usr/lib/system/libunc.dylib
0x0000000004566000 	/usr/lib/system/libunwind.dylib
0x0000000004566000 	/usr/lib/system/libxpc.dylib
0x0000000004566000 	/usr/lib/libbsm.0.dylib
0x0000000004566000 	/usr/lib/libsqlite3.dylib
0x0000000004566000 	/usr/lib/libOpenScriptingUtil.dylib
0x0000000004566000 	/usr/lib/libpam.2.dylib
0x0000000004566000 	/usr/lib/libxar-nossl.dylib
0x0000000004566000 	/usr/lib/libbz2.1.0.dylib
0x0000000004566000 	/System/Library/Frameworks/CoreServices.framework/Versions/A/Frameworks/CarbonCore.framework/Versions/A/CarbonCore
0x0000000004566000 	/System/Library/Frameworks/CoreServices.framework/Versions/A/Frameworks/Metadata.framework/Versions/A/Metadata
0x0000000004566000 	/System/Library/Frameworks/CoreServices.framework/Versions/A/Frameworks/OSServices.framework/Versions/A/OSServices
0x0000000004566000 	/System/Library/Frameworks/CoreServices.framework/Versions/A/Frameworks/SearchKit.framework/Versions/A/SearchKit
0x0000000004566000 	/System/Library/Frameworks/CoreServices.framework/Versions/A/Frameworks/AE.framework/Versions/A/AE
0x0000000004566000 	/System/Library/Frameworks/CoreServices.framework/Versions/A/Frameworks/LaunchServices.framework/Versions/A/LaunchServices
0x0000000004566000 	/System/Library/Frameworks/CoreServices.framework/Versions/A/Frameworks/DictionaryServices.framework/Versions/A/DictionaryServices
0x0000000004566000 	/System/Library/Frameworks/NetFS.framework/Versions/A/NetFS
0x0000000004566000 	/usr/lib/system/libkxld.dylib
0x0000000004566000 	/System/Library/PrivateFrameworks/NetAuth.framework/Versions/A/NetAuth
0x0000000004566000 	/usr/lib/libcrypto.0.9.8.dylib
0x0000000004566000 	/System/Library/PrivateFrameworks/TrustEvaluationAgent.framework/Versions/A/TrustEvaluationAgent
0x0000000004566000 	/System/Library/Frameworks/OpenDirectory.framework/Versions/A/Frameworks/CFOpenDirectory.framework/Versions/A/CFOpenDirectory
0x0000000004566000 	/usr/lib/libxslt.1.dylib
0x0000000004566000 	/System/Library/PrivateFrameworks/FamilyControls.framework/Versions/A/FamilyControls
0x0000000004566000 	/System/Library/Frameworks/Carbon.framework/Versions/A/Frameworks/Ink.framework/Versions/A/Ink
0x0000000004566000 	/System/Library/Frameworks/ApplicationServices.framework/Versions/A/Frameworks/CoreGraphics.framework/Versions/A/CoreGraphics
0x0000000004566000 	/System/Library/Frameworks/ApplicationServices.framework/Versions/A/Frameworks/ImageIO.framework/Versions/A/ImageIO
0x0000000004566000 	/System/Library/Frameworks/ApplicationServices.framework/Versions/A/Frameworks/CoreText.framework/Versions/A/CoreText
0x0000000004566000 	/System/Library/Frameworks/ApplicationServices.framework/Versions/A/Frameworks/ATS.framework/Versions/A/ATS
0x0000000004566000 	/System/Library/Frameworks/ApplicationServices.framework/Versions/A/Frameworks/ColorSync.framework/Versions/A/ColorSync
0x0000000004566000 	/System/Library/Frameworks/ApplicationServices.framework/Versions/A/Frameworks/HIServices.framework/Versions/A/HIServices
0x0000000004566000 	/System/Library/Frameworks/ApplicationServices.framework/Versions/A/Frameworks/LangAnalysis.framework/Versions/A/LangAnalysis
0x0000000004566000 	/System/Library/Frameworks/ApplicationServices.framework/Versions/A/Frameworks/PrintCore.framework/Versions/A/PrintCore
0x0000000004566000 	/System/Library/Frameworks/ApplicationServices.framework/Versions/A/Frameworks/QD.framework/Versions/A/QD
0x0000000004566000 	/System/Library/Frameworks/ApplicationServices.framework/Versions/A/Frameworks/SpeechSynthesis.framework/Versions/A/SpeechSynthesis
0x0000000004566000 	/System/Library/Frameworks/IOSurface.framework/Versions/A/IOSurface
0x0000000004566000 	/System/Library/Frameworks/Accelerate.framework/Versions/A/Accelerate
0x0000000004566000 	/System/Library/Frameworks/ApplicationServices.framework/Versions/A/Frameworks/ImageIO.framework/Versions/A/Resources/libJPEG.dylib
0x0000000004566000 	/System/Library/Frameworks/ApplicationServices.framework/Versions/A/Frameworks/ImageIO.framework/Versions/A/Resources/libTIFF.dylib
0x0000000004566000 	/System/Library/Frameworks/ApplicationServices.framework/Versions/A/Frameworks/ImageIO.framework/Versions/A/Resources/libPng.dylib
0x0000000004566000 	/System/Library/Frameworks/ApplicationServices.framework/Versions/A/Frameworks/ImageIO.framework/Versions/A/Resources/libGIF.dylib
0x0000000004566000 	/System/Library/Frameworks/ApplicationServices.framework/Versions/A/Frameworks/ImageIO.framework/Versions/A/Resources/libJP2.dylib
0x0000000004566000 	/System/Library/Frameworks/ApplicationServices.framework/Versions/A/Frameworks/ImageIO.framework/Versions/A/Resources/libRadiance.dylib
0x0000000004566000 	/System/Library/Frameworks/Accelerate.framework/Versions/A/Frameworks/vImage.framework/Versions/A/vImage
0x0000000004566000 	/System/Library/Frameworks/Accelerate.framework/Versions/A/Frameworks/vecLib.framework/Versions/A/vecLib
0x0000000004566000 	/System/Library/Frameworks/Accelerate.framework/Versions/A/Frameworks/vecLib.framework/Versions/A/libvDSP.dylib
0x0000000004566000 	/System/Library/Frameworks/Accelerate.framework/Versions/A/Frameworks/vecLib.framework/Versions/A/libvMisc.dylib
0x0000000004566000 	/System/Library/Frameworks/Accelerate.framework/Versions/A/Frameworks/vecLib.framework/Versions/A/libLAPACK.dylib
0x0000000004566000 	/System/Library/Frameworks/Accelerate.framework/Versions/A/Frameworks/vecLib.framework/Versions/A/libBLAS.dylib
0x0000000004566000 	/System/Library/Frameworks/ApplicationServices.framework/Versions/A/Frameworks/ATS.framework/Versions/A/Resources/libFontParser.dylib
0x0000000004566000 	/System/Library/Frameworks/ApplicationServices.framework/Versions/A/Frameworks/ATS.framework/Versions/A/Resources/libFontRegistry.dylib
0x0000000004566000 	/usr/lib/libcups.2.dylib
0x0000000004566000 	/System/Library/Frameworks/Kerberos.framework/Versions/A/Kerberos
0x0000000004566000 	/System/Library/Frameworks/GSS.framework/Versions/A/GSS
0x0000000004566000 	/usr/lib/libresolv.9.dylib
0x0000000004566000 	/usr/lib/libiconv.2.dylib
0x0000000004566000 	/System/Library/PrivateFrameworks/Heimdal.framework/Versions/A/Heimdal
0x0000000004566000 	/System/Library/Frameworks/OpenDirectory.framework/Versions/A/OpenDirectory
0x0000000004566000 	/System/Library/PrivateFrameworks/CommonAuth.framework/Versions/A/CommonAuth
0x0000000004566000 	/System/Library/Frameworks/CoreVideo.framework/Versions/A/CoreVideo
0x0000000004566000 	/System/Library/Frameworks/QuartzCore.framework/Versions/A/Frameworks/CoreImage.framework/Versions/A/CoreImage
0x0000000004566000 	/System/Library/Frameworks/QuartzCore.framework/Versions/A/Frameworks/ScalableUserInterface.framework/Versions/A/ScalableUserInterface
0x0000000004566000 	/System/Library/Frameworks/OpenGL.framework/Versions/A/Libraries/libGLU.dylib
0x0000000004566000 	/System/Library/Frameworks/OpenGL.framework/Versions/A/Libraries/libGFXShared.dylib
0x0000000004566000 	/System/Library/Frameworks/OpenGL.framework/Versions/A/Libraries/libGL.dylib
0x0000000004566000 	/System/Library/Frameworks/OpenGL.framework/Versions/A/Libraries/libGLImage.dylib
0x0000000004566000 	/System/Library/Frameworks/OpenGL.framework/Versions/A/Libraries/libCVMSPluginSupport.dylib
0x0000000004566000 	/System/Library/Frameworks/OpenGL.framework/Versions/A/Libraries/libCoreVMClient.dylib
0x0000000004566000 	/System/Library/Frameworks/OpenCL.framework/Versions/A/OpenCL
0x0000000004566000 	/System/Library/PrivateFrameworks/FaceCoreLight.framework/Versions/A/FaceCoreLight
0x0000000004566000 	/System/Library/Frameworks/vecLib.framework/Versions/A/vecLib
0x0000000004566000 	/System/Library/Frameworks/SecurityFoundation.framework/Versions/A/SecurityFoundation
0x0000000004566000 	/System/Library/PrivateFrameworks/CommerceKit.framework/Versions/A/Frameworks/CommerceCore.framework/Versions/A/CommerceCore
0x0000000004566000 	/System/Library/PrivateFrameworks/CoreSymbolication.framework/Versions/A/CoreSymbolication
0x0000000004566000 	/System/Library/PrivateFrameworks/Symbolication.framework/Versions/A/Symbolication
0x0000000004566000 	/System/Library/PrivateFrameworks/DebugSymbols.framework/Versions/A/DebugSymbols
0x0000000104d00000 	/Library/Java/JavaVirtualMachines/1.7.0.jdk/Contents/Home/jre/lib/server/libjvm.dylib
0x0000000104bb7000 	/Library/Java/JavaVirtualMachines/1.7.0.jdk/Contents/Home/jre/lib/libverify.dylib
0x0000000104bc4000 	/Library/Java/JavaVirtualMachines/1.7.0.jdk/Contents/Home/jre/lib/libjava.dylib
0x00000001058a3000 	/Library/Java/JavaVirtualMachines/1.7.0.jdk/Contents/Home/jre/lib/libzip.dylib
0x000000010d98e000 	/System/Library/Frameworks/JavaVM.framework/Frameworks/JavaRuntimeSupport.framework/JavaRuntimeSupport
0x000000010d9a6000 	/System/Library/Frameworks/JavaVM.framework/Versions/A/Frameworks/JavaNativeFoundation.framework/Versions/A/JavaNativeFoundation
0x000000010d9bb000 	/System/Library/Frameworks/JavaVM.framework/Versions/A/JavaVM
0x0000000004566000 	/System/Library/Frameworks/Carbon.framework/Versions/A/Carbon
0x000000010d9c8000 	/System/Library/PrivateFrameworks/JavaLaunching.framework/Versions/A/JavaLaunching
0x0000000004566000 	/System/Library/Frameworks/Carbon.framework/Versions/A/Frameworks/CommonPanels.framework/Versions/A/CommonPanels
0x0000000004566000 	/System/Library/Frameworks/Carbon.framework/Versions/A/Frameworks/Help.framework/Versions/A/Help
0x0000000004566000 	/System/Library/Frameworks/Carbon.framework/Versions/A/Frameworks/ImageCapture.framework/Versions/A/ImageCapture
0x0000000004566000 	/System/Library/Frameworks/Carbon.framework/Versions/A/Frameworks/OpenScripting.framework/Versions/A/OpenScripting
0x0000000004566000 	/System/Library/Frameworks/Carbon.framework/Versions/A/Frameworks/Print.framework/Versions/A/Print
0x0000000004566000 	/System/Library/Frameworks/Carbon.framework/Versions/A/Frameworks/SecurityHI.framework/Versions/A/SecurityHI
0x000000010e296000 	/Library/Java/JavaVirtualMachines/1.7.0.jdk/Contents/Home/jre/lib/libnet.dylib
0x000000010e4b4000 	/Library/Java/JavaVirtualMachines/1.7.0.jdk/Contents/Home/jre/lib/libnio.dylib

VM Arguments:
jvm_args: -Dfile.encoding=UTF-8 
java_command: org.eclipse.jdt.internal.junit.runner.RemoteTestRunner -version 3 -port 52328 -testLoaderClass org.eclipse.jdt.internal.junit4.runner.JUnit4TestLoader -loaderpluginname org.eclipse.jdt.junit4.runtime -classNames com.serpics.core.test.hooks.HookTest
Launcher Type: SUN_STANDARD

Environment Variables:
PATH=/usr/bin:/bin:/usr/sbin:/sbin
SHELL=/bin/bash
DISPLAY=/tmp/launch-VmrpgG/org.x:0

Signal Handlers:
SIGSEGV: [libjvm.dylib+0x4a1961], sa_mask[0]=0xfffefeff, sa_flags=0x00000042
SIGBUS: [libjvm.dylib+0x4a1961], sa_mask[0]=0xfffefeff, sa_flags=0x00000042
SIGFPE: [libjvm.dylib+0x3b173d], sa_mask[0]=0xfffefeff, sa_flags=0x00000042
SIGPIPE: [libjvm.dylib+0x3b173d], sa_mask[0]=0xfffefeff, sa_flags=0x00000042
SIGXFSZ: [libjvm.dylib+0x3b173d], sa_mask[0]=0xfffefeff, sa_flags=0x00000042
SIGILL: [libjvm.dylib+0x3b173d], sa_mask[0]=0xfffefeff, sa_flags=0x00000042
SIGUSR1: SIG_DFL, sa_mask[0]=0x00000000, sa_flags=0x00000002
SIGUSR2: [libjvm.dylib+0x3b12ca], sa_mask[0]=0x00000004, sa_flags=0x00000042
SIGHUP: [libjvm.dylib+0x3af4ef], sa_mask[0]=0xfffefeff, sa_flags=0x00000042
SIGINT: [libjvm.dylib+0x3af4ef], sa_mask[0]=0xfffefeff, sa_flags=0x00000042
SIGTERM: [libjvm.dylib+0x3af4ef], sa_mask[0]=0xfffefeff, sa_flags=0x00000042
SIGQUIT: [libjvm.dylib+0x3af4ef], sa_mask[0]=0xfffefeff, sa_flags=0x00000042


---------------  S Y S T E M  ---------------

OS:Bsd
uname:Darwin 11.4.2 Darwin Kernel Version 11.4.2: Thu Aug 23 16:25:48 PDT 2012; root:xnu-1699.32.7~1/RELEASE_X86_64 x86_64
rlimit: STACK 8192k, CORE 0k, NPROC 709, NOFILE 10240
CPU:total 4 (2 cores per cpu, 2 threads per core) family 6 model 42 stepping 7, cmov, cx8, fxsr, mmx, sse, sse2, sse3, ssse3, sse4.1, sse4.2, popcnt, avx, ht, tsc, tscinvbit

Memory: 4k page, physical 4964796k(1241199k free)

/proc/meminfo:


vm_info: Java HotSpot(TM) 64-Bit Server VM (23.1-b03) for bsd-amd64 JRE (1.7.0_05-b06), built on Jun 27 2012 00:35:26 by "java_re" with gcc 4.2.1 (Based on Apple Inc. build 5658) (LLVM build 2336.1.00)

time: Mon Feb 25 14:59:00 2013
elapsed time: 6 seconds

