/*C6*/SET SCHEMA PUBLIC
DISCONNECT
/*C7*/SET SCHEMA PUBLIC
DISCONNECT
/*C8*/SET SCHEMA PUBLIC
DISCONNECT
/*C9*/SET SCHEMA PUBLIC
DISCONNECT
/*C10*/SET SCHEMA PUBLIC
DELETE FROM USERS_REG WHERE USER_ID=3
INSERT INTO USERS_REG VALUES(3,NULL,NULL,NULL,NULL,NULL,NULL,NULL,'2013-07-11 23:12:39.120000',NULL,'superuser','admin',NULL,'R',NULL)
DELETE FROM MEMBERS WHERE MEMBER_ID=3
INSERT INTO MEMBERS VALUES(3,'2013-07-11 23:12:39.133000',NULL,NULL,NULL,NULL,'U','5fcff9e5-2a68-4469-9148-b03a327b727e')
DELETE FROM USERS WHERE MEMBER_ID=3
INSERT INTO USERS VALUES(NULL,NULL,NULL,'2013-07-11 23:12:39.120000','Superuser',NULL,NULL,'S',3)
COMMIT
DISCONNECT
/*C11*/SET SCHEMA PUBLIC
INSERT INTO ORDERS VALUES(1,1,'2013-07-11 23:12:39.187000','3e87420e-df8c-4b4b-aed8-a6e61b1a3587',3,0.0000,0.0E0,0.0000,'P',1,0.0000,0.0000,0.0000,3,NULL,NULL,NULL,NULL,1,NULL,NULL)
COMMIT
DISCONNECT
/*C12*/SET SCHEMA PUBLIC
INSERT INTO ORDERITEMS VALUES(1,'2013-07-11 23:12:39.227000',3,0.0E0,0.0E0,NULL,10.0E0,NULL,0.0E0,'product',80.5E0,NULL,100.0E0,100.0E0,'P',1,3,1,1,NULL,NULL)
COMMIT
DISCONNECT
/*C13*/SET SCHEMA PUBLIC
DISCONNECT
/*C14*/SET SCHEMA PUBLIC
DELETE FROM ORDERITEMS WHERE ORDERITEMS_ID=1
INSERT INTO ORDERITEMS VALUES(1,'2013-07-11 23:12:39.267000',3,0.0E0,0.0E0,NULL,11.0E0,NULL,0.0E0,'product',80.5E0,NULL,100.0E0,100.0E0,'P',1,3,1,1,NULL,NULL)
COMMIT
DISCONNECT
/*C15*/SET SCHEMA PUBLIC
DISCONNECT
/*C16*/SET SCHEMA PUBLIC
INSERT INTO ORDERITEMS VALUES(2,'2013-07-11 23:12:39.302000',3,0.0E0,0.0E0,NULL,21.0E0,NULL,0.0E0,'product',80.5E0,NULL,100.0E0,100.0E0,'P',1,3,1,1,NULL,NULL)
DELETE FROM ORDERITEMS WHERE ORDERITEMS_ID=1
INSERT INTO ORDERITEMS VALUES(1,'2013-07-11 23:12:39.306000',3,0.0E0,0.0E0,NULL,11.0E0,NULL,0.0E0,'product',80.5E0,NULL,100.0E0,100.0E0,'P',1,3,1,NULL,NULL,NULL)
COMMIT
DISCONNECT
/*C17*/SET SCHEMA PUBLIC
DISCONNECT
/*C18*/SET SCHEMA PUBLIC
INSERT INTO ORDERITEMS VALUES(3,'2013-07-11 23:12:39.347000',3,0.0E0,0.0E0,NULL,10.0E0,NULL,0.0E0,'product',80.5E0,NULL,100.0E0,100.0E0,'P',1,3,1,1,NULL,NULL)
COMMIT
DISCONNECT
/*C19*/SET SCHEMA PUBLIC
DISCONNECT
/*C20*/SET SCHEMA PUBLIC
INSERT INTO ORDERITEMS VALUES(4,'2013-07-11 23:12:39.395000',3,0.0E0,0.0E0,NULL,10.0E0,NULL,0.0E0,'product1',80.5E0,NULL,100.0E0,100.0E0,'P',1,3,1,1,NULL,NULL)
COMMIT
DISCONNECT
/*C21*/SET SCHEMA PUBLIC
DISCONNECT
